# JRE version: Java(TM) SE Runtime Environment (8.0_31-b13) (build 1.8.0_31-b13)
# Java VM: Java HotSpot(TM) 64-Bit Server VM (25.31-b07 mixed mode bsd-amd64 compressed oops)
Heap:
 PSYoungGen      total 38400K, used 30166K [0x0000000173d80000, 0x0000000176800000, 0x000000019e800000)
  eden space 33280K, 75% used [0x0000000173d80000,0x00000001755f9ab8,0x0000000175e00000)
  from space 5120K, 99% used [0x0000000176300000,0x00000001767fc030,0x0000000176800000)
  to   space 5120K, 0% used [0x0000000175e00000,0x0000000175e00000,0x0000000176300000)
 ParOldGen       total 87552K, used 9447K [0x000000011e800000, 0x0000000123d80000, 0x0000000173d80000)
  object space 87552K, 10% used [0x000000011e800000,0x000000011f139c78,0x0000000123d80000)
 Metaspace       used 15478K, capacity 15950K, committed 16256K, reserved 1062912K
  class space    used 2009K, capacity 2115K, committed 2176K, reserved 1048576K
GC Heap History (4 events):
Event: 3.144 GC heap before
{Heap before GC invocations=1 (full 0):
 PSYoungGen      total 38400K, used 33280K [0x0000000173d80000, 0x0000000176800000, 0x000000019e800000)
  eden space 33280K, 100% used [0x0000000173d80000,0x0000000175e00000,0x0000000175e00000)
  from space 5120K, 0% used [0x0000000176300000,0x0000000176300000,0x0000000176800000)
  to   space 5120K, 0% used [0x0000000175e00000,0x0000000175e00000,0x0000000176300000)
 ParOldGen       total 87552K, used 0K [0x000000011e800000, 0x0000000123d80000, 0x0000000173d80000)
  object space 87552K, 0% used [0x000000011e800000,0x000000011e800000,0x0000000123d80000)
 Metaspace       used 13602K, capacity 14064K, committed 14336K, reserved 1060864K
  class space    used 1846K, capacity 1986K, committed 2048K, reserved 1048576K
Event: 3.152 GC heap after
Heap after GC invocations=1 (full 0):
 PSYoungGen      total 38400K, used 5090K [0x0000000173d80000, 0x0000000176800000, 0x000000019e800000)
  eden space 33280K, 0% used [0x0000000173d80000,0x0000000173d80000,0x0000000175e00000)
  from space 5120K, 99% used [0x0000000175e00000,0x00000001762f8ab0,0x0000000176300000)
  to   space 5120K, 0% used [0x0000000176300000,0x0000000176300000,0x0000000176800000)
 ParOldGen       total 87552K, used 2470K [0x000000011e800000, 0x0000000123d80000, 0x0000000173d80000)
  object space 87552K, 2% used [0x000000011e800000,0x000000011ea69948,0x0000000123d80000)
 Metaspace       used 13602K, capacity 14064K, committed 14336K, reserved 1060864K
  class space    used 1846K, capacity 1986K, committed 2048K, reserved 1048576K
}
Event: 34.010 GC heap before
{Heap before GC invocations=2 (full 0):
 PSYoungGen      total 38400K, used 38370K [0x0000000173d80000, 0x0000000176800000, 0x000000019e800000)
  eden space 33280K, 100% used [0x0000000173d80000,0x0000000175e00000,0x0000000175e00000)
  from space 5120K, 99% used [0x0000000175e00000,0x00000001762f8ab0,0x0000000176300000)
  to   space 5120K, 0% used [0x0000000176300000,0x0000000176300000,0x0000000176800000)
 ParOldGen       total 87552K, used 2470K [0x000000011e800000, 0x0000000123d80000, 0x0000000173d80000)
  object space 87552K, 2% used [0x000000011e800000,0x000000011ea69948,0x0000000123d80000)
 Metaspace       used 15330K, capacity 15792K, committed 16000K, reserved 1062912K
  class space    used 2003K, capacity 2108K, committed 2176K, reserved 1048576K
Event: 34.024 GC heap after
Heap after GC invocations=2 (full 0):
 PSYoungGen      total 38400K, used 5104K [0x0000000173d80000, 0x0000000176800000, 0x000000019e800000)
  eden space 33280K, 0% used [0x0000000173d80000,0x0000000173d80000,0x0000000175e00000)
  from space 5120K, 99% used [0x0000000176300000,0x00000001767fc030,0x0000000176800000)
  to   space 5120K, 0% used [0x0000000175e00000,0x0000000175e00000,0x0000000176300000)
 ParOldGen       total 87552K, used 9447K [0x000000011e800000, 0x0000000123d80000, 0x0000000173d80000)
  object space 87552K, 10% used [0x000000011e800000,0x000000011f139c78,0x0000000123d80000)
 Metaspace       used 15330K, capacity 15792K, committed 16000K, reserved 1062912K
  class space    used 2003K, capacity 2108K, committed 2176K, reserved 1048576K
}

