# JRE version: Java(TM) SE Runtime Environment (8.0_31-b13) (build 1.8.0_31-b13)
# Java VM: Java HotSpot(TM) 64-Bit Server VM (25.31-b07 mixed mode bsd-amd64 compressed oops)
Heap:
 PSYoungGen      total 38400K, used 12853K [0x0000000169180000, 0x000000016bc00000, 0x0000000193c00000)
  eden space 33280K, 23% used [0x0000000169180000,0x0000000169914c78,0x000000016b200000)
  from space 5120K, 99% used [0x000000016b700000,0x000000016bbf8ad0,0x000000016bc00000)
  to   space 5120K, 0% used [0x000000016b200000,0x000000016b200000,0x000000016b700000)
 ParOldGen       total 87552K, used 6987K [0x0000000113c00000, 0x0000000119180000, 0x0000000169180000)
  object space 87552K, 7% used [0x0000000113c00000,0x00000001142d2e50,0x0000000119180000)
 Metaspace       used 15777K, capacity 16346K, committed 16512K, reserved 1062912K
  class space    used 2015K, capacity 2153K, committed 2176K, reserved 1048576K
GC Heap History (4 events):
Event: 4.051 GC heap before
{Heap before GC invocations=1 (full 0):
 PSYoungGen      total 38400K, used 33280K [0x0000000169180000, 0x000000016bc00000, 0x0000000193c00000)
  eden space 33280K, 100% used [0x0000000169180000,0x000000016b200000,0x000000016b200000)
  from space 5120K, 0% used [0x000000016b700000,0x000000016b700000,0x000000016bc00000)
  to   space 5120K, 0% used [0x000000016b200000,0x000000016b200000,0x000000016b700000)
 ParOldGen       total 87552K, used 0K [0x0000000113c00000, 0x0000000119180000, 0x0000000169180000)
  object space 87552K, 0% used [0x0000000113c00000,0x0000000113c00000,0x0000000119180000)
 Metaspace       used 13713K, capacity 14130K, committed 14336K, reserved 1060864K
  class space    used 1857K, capacity 1969K, committed 2048K, reserved 1048576K
Event: 4.066 GC heap after
Heap after GC invocations=1 (full 0):
 PSYoungGen      total 38400K, used 5104K [0x0000000169180000, 0x000000016bc00000, 0x0000000193c00000)
  eden space 33280K, 0% used [0x0000000169180000,0x0000000169180000,0x000000016b200000)
  from space 5120K, 99% used [0x000000016b200000,0x000000016b6fc030,0x000000016b700000)
  to   space 5120K, 0% used [0x000000016b700000,0x000000016b700000,0x000000016bc00000)
 ParOldGen       total 87552K, used 2136K [0x0000000113c00000, 0x0000000119180000, 0x0000000169180000)
  object space 87552K, 2% used [0x0000000113c00000,0x0000000113e16030,0x0000000119180000)
 Metaspace       used 13713K, capacity 14130K, committed 14336K, reserved 1060864K
  class space    used 1857K, capacity 1969K, committed 2048K, reserved 1048576K
}
Event: 31.318 GC heap before
{Heap before GC invocations=2 (full 0):
 PSYoungGen      total 38400K, used 38384K [0x0000000169180000, 0x000000016bc00000, 0x0000000193c00000)
  eden space 33280K, 100% used [0x0000000169180000,0x000000016b200000,0x000000016b200000)
  from space 5120K, 99% used [0x000000016b200000,0x000000016b6fc030,0x000000016b700000)
  to   space 5120K, 0% used [0x000000016b700000,0x000000016b700000,0x000000016bc00000)
 ParOldGen       total 87552K, used 2136K [0x0000000113c00000, 0x0000000119180000, 0x0000000169180000)
  object space 87552K, 2% used [0x0000000113c00000,0x0000000113e16030,0x0000000119180000)
 Metaspace       used 15683K, capacity 16152K, committed 16256K, reserved 1062912K
  class space    used 2009K, capacity 2114K, committed 2176K, reserved 1048576K
Event: 31.334 GC heap after
Heap after GC invocations=2 (full 0):
 PSYoungGen      total 38400K, used 5090K [0x0000000169180000, 0x000000016bc00000, 0x0000000193c00000)
  eden space 33280K, 0% used [0x0000000169180000,0x0000000169180000,0x000000016b200000)
  from space 5120K, 99% used [0x000000016b700000,0x000000016bbf8ad0,0x000000016bc00000)
  to   space 5120K, 0% used [0x000000016b200000,0x000000016b200000,0x000000016b700000)
 ParOldGen       total 87552K, used 6987K [0x0000000113c00000, 0x0000000119180000, 0x0000000169180000)
  object space 87552K, 7% used [0x0000000113c00000,0x00000001142d2e50,0x0000000119180000)
 Metaspace       used 15683K, capacity 16152K, committed 16256K, reserved 1062912K
  class space    used 2009K, capacity 2114K, committed 2176K, reserved 1048576K
}

