# JRE version: Java(TM) SE Runtime Environment (8.0_31-b13) (build 1.8.0_31-b13)
# Java VM: Java HotSpot(TM) 64-Bit Server VM (25.31-b07 mixed mode bsd-amd64 compressed oops)
Heap:
 PSYoungGen      total 38400K, used 23526K [0x0000000173180000, 0x0000000175c00000, 0x000000019dc00000)
  eden space 33280K, 55% used [0x0000000173180000,0x000000017437da60,0x0000000175200000)
  from space 5120K, 99% used [0x0000000175700000,0x0000000175bfc030,0x0000000175c00000)
  to   space 5120K, 0% used [0x0000000175200000,0x0000000175200000,0x0000000175700000)
 ParOldGen       total 87552K, used 8008K [0x000000011dc00000, 0x0000000123180000, 0x0000000173180000)
  object space 87552K, 9% used [0x000000011dc00000,0x000000011e3d21d8,0x0000000123180000)
 Metaspace       used 15892K, capacity 16410K, committed 16512K, reserved 1062912K
  class space    used 2021K, capacity 2153K, committed 2176K, reserved 1048576K
GC Heap History (4 events):
Event: 5.417 GC heap before
{Heap before GC invocations=1 (full 0):
 PSYoungGen      total 38400K, used 33280K [0x0000000173180000, 0x0000000175c00000, 0x000000019dc00000)
  eden space 33280K, 100% used [0x0000000173180000,0x0000000175200000,0x0000000175200000)
  from space 5120K, 0% used [0x0000000175700000,0x0000000175700000,0x0000000175c00000)
  to   space 5120K, 0% used [0x0000000175200000,0x0000000175200000,0x0000000175700000)
 ParOldGen       total 87552K, used 0K [0x000000011dc00000, 0x0000000123180000, 0x0000000173180000)
  object space 87552K, 0% used [0x000000011dc00000,0x000000011dc00000,0x0000000123180000)
 Metaspace       used 13716K, capacity 14226K, committed 14336K, reserved 1060864K
  class space    used 1857K, capacity 2001K, committed 2048K, reserved 1048576K
Event: 5.438 GC heap after
Heap after GC invocations=1 (full 0):
 PSYoungGen      total 38400K, used 5090K [0x0000000173180000, 0x0000000175c00000, 0x000000019dc00000)
  eden space 33280K, 0% used [0x0000000173180000,0x0000000173180000,0x0000000175200000)
  from space 5120K, 99% used [0x0000000175200000,0x00000001756f8ab0,0x0000000175700000)
  to   space 5120K, 0% used [0x0000000175700000,0x0000000175700000,0x0000000175c00000)
 ParOldGen       total 87552K, used 2160K [0x000000011dc00000, 0x0000000123180000, 0x0000000173180000)
  object space 87552K, 2% used [0x000000011dc00000,0x000000011de1c030,0x0000000123180000)
 Metaspace       used 13716K, capacity 14226K, committed 14336K, reserved 1060864K
  class space    used 1857K, capacity 2001K, committed 2048K, reserved 1048576K
}
Event: 41.517 GC heap before
{Heap before GC invocations=2 (full 0):
 PSYoungGen      total 38400K, used 38370K [0x0000000173180000, 0x0000000175c00000, 0x000000019dc00000)
  eden space 33280K, 100% used [0x0000000173180000,0x0000000175200000,0x0000000175200000)
  from space 5120K, 99% used [0x0000000175200000,0x00000001756f8ab0,0x0000000175700000)
  to   space 5120K, 0% used [0x0000000175700000,0x0000000175700000,0x0000000175c00000)
 ParOldGen       total 87552K, used 2160K [0x000000011dc00000, 0x0000000123180000, 0x0000000173180000)
  object space 87552K, 2% used [0x000000011dc00000,0x000000011de1c030,0x0000000123180000)
 Metaspace       used 15705K, capacity 16176K, committed 16256K, reserved 1062912K
  class space    used 2017K, capacity 2146K, committed 2176K, reserved 1048576K
Event: 41.538 GC heap after
Heap after GC invocations=2 (full 0):
 PSYoungGen      total 38400K, used 5104K [0x0000000173180000, 0x0000000175c00000, 0x000000019dc00000)
  eden space 33280K, 0% used [0x0000000173180000,0x0000000173180000,0x0000000175200000)
  from space 5120K, 99% used [0x0000000175700000,0x0000000175bfc030,0x0000000175c00000)
  to   space 5120K, 0% used [0x0000000175200000,0x0000000175200000,0x0000000175700000)
 ParOldGen       total 87552K, used 8008K [0x000000011dc00000, 0x0000000123180000, 0x0000000173180000)
  object space 87552K, 9% used [0x000000011dc00000,0x000000011e3d21d8,0x0000000123180000)
 Metaspace       used 15705K, capacity 16176K, committed 16256K, reserved 1062912K
  class space    used 2017K, capacity 2146K, committed 2176K, reserved 1048576K
}

