# JRE version: Java(TM) SE Runtime Environment (8.0_31-b13) (build 1.8.0_31-b13)
# Java VM: Java HotSpot(TM) 64-Bit Server VM (25.31-b07 mixed mode bsd-amd64 compressed oops)
Heap:
 PSYoungGen      total 43520K, used 15591K [0x0000000795580000, 0x0000000798d00000, 0x00000007c0000000)
  eden space 31232K, 37% used [0x0000000795580000,0x0000000796109c40,0x0000000797400000)
  from space 12288K, 30% used [0x0000000798100000,0x00000007984b0000,0x0000000798d00000)
  to   space 12800K, 0% used [0x0000000797400000,0x0000000797400000,0x0000000798080000)
 ParOldGen       total 87552K, used 18772K [0x0000000740000000, 0x0000000745580000, 0x0000000795580000)
  object space 87552K, 21% used [0x0000000740000000,0x0000000741255118,0x0000000745580000)
 Metaspace       used 16354K, capacity 16906K, committed 17024K, reserved 1064960K
  class space    used 2031K, capacity 2161K, committed 2176K, reserved 1048576K
GC Heap History (10 events):
Event: 90.445 GC heap before
{Heap before GC invocations=4 (full 0):
 PSYoungGen      total 38400K, used 38384K [0x0000000795580000, 0x0000000798000000, 0x00000007c0000000)
  eden space 33280K, 100% used [0x0000000795580000,0x0000000797600000,0x0000000797600000)
  from space 5120K, 99% used [0x0000000797600000,0x0000000797afc030,0x0000000797b00000)
  to   space 5120K, 0% used [0x0000000797b00000,0x0000000797b00000,0x0000000798000000)
 ParOldGen       total 87552K, used 11277K [0x0000000740000000, 0x0000000745580000, 0x0000000795580000)
  object space 87552K, 12% used [0x0000000740000000,0x0000000740b036a8,0x0000000745580000)
 Metaspace       used 16168K, capacity 16678K, committed 16768K, reserved 1064960K
  class space    used 2018K, capacity 2153K, committed 2176K, reserved 1048576K
Event: 90.457 GC heap after
Heap after GC invocations=4 (full 0):
 PSYoungGen      total 38400K, used 5088K [0x0000000795580000, 0x0000000798000000, 0x00000007c0000000)
  eden space 33280K, 0% used [0x0000000795580000,0x0000000795580000,0x0000000797600000)
  from space 5120K, 99% used [0x0000000797b00000,0x0000000797ff8020,0x0000000798000000)
  to   space 5120K, 0% used [0x0000000797600000,0x0000000797600000,0x0000000797b00000)
 ParOldGen       total 87552K, used 12992K [0x0000000740000000, 0x0000000745580000, 0x0000000795580000)
  object space 87552K, 14% used [0x0000000740000000,0x0000000740cb0210,0x0000000745580000)
 Metaspace       used 16168K, capacity 16678K, committed 16768K, reserved 1064960K
  class space    used 2018K, capacity 2153K, committed 2176K, reserved 1048576K
}
Event: 102.789 GC heap before
{Heap before GC invocations=5 (full 0):
 PSYoungGen      total 38400K, used 38368K [0x0000000795580000, 0x0000000798000000, 0x00000007c0000000)
  eden space 33280K, 100% used [0x0000000795580000,0x0000000797600000,0x0000000797600000)
  from space 5120K, 99% used [0x0000000797b00000,0x0000000797ff8020,0x0000000798000000)
  to   space 5120K, 0% used [0x0000000797600000,0x0000000797600000,0x0000000797b00000)
 ParOldGen       total 87552K, used 12992K [0x0000000740000000, 0x0000000745580000, 0x0000000795580000)
  object space 87552K, 14% used [0x0000000740000000,0x0000000740cb0210,0x0000000745580000)
 Metaspace       used 16180K, capacity 16678K, committed 16768K, reserved 1064960K
  class space    used 2018K, capacity 2153K, committed 2176K, reserved 1048576K
Event: 102.821 GC heap after
Heap after GC invocations=5 (full 0):
 PSYoungGen      total 37888K, used 5088K [0x0000000795580000, 0x0000000798e80000, 0x00000007c0000000)
  eden space 32768K, 0% used [0x0000000795580000,0x0000000795580000,0x0000000797580000)
  from space 5120K, 99% used [0x0000000797600000,0x0000000797af8020,0x0000000797b00000)
  to   space 12800K, 0% used [0x0000000798200000,0x0000000798200000,0x0000000798e80000)
 ParOldGen       total 87552K, used 15248K [0x0000000740000000, 0x0000000745580000, 0x0000000795580000)
  object space 87552K, 17% used [0x0000000740000000,0x0000000740ee4210,0x0000000745580000)
 Metaspace       used 16180K, capacity 16678K, committed 16768K, reserved 1064960K
  class space    used 2018K, capacity 2153K, committed 2176K, reserved 1048576K
}
Event: 109.600 GC heap before
{Heap before GC invocations=6 (full 0):
 PSYoungGen      total 37888K, used 37856K [0x0000000795580000, 0x0000000798e80000, 0x00000007c0000000)
  eden space 32768K, 100% used [0x0000000795580000,0x0000000797580000,0x0000000797580000)
  from space 5120K, 99% used [0x0000000797600000,0x0000000797af8020,0x0000000797b00000)
  to   space 12800K, 0% used [0x0000000798200000,0x0000000798200000,0x0000000798e80000)
 ParOldGen       total 87552K, used 15248K [0x0000000740000000, 0x0000000745580000, 0x0000000795580000)
  object space 87552K, 17% used [0x0000000740000000,0x0000000740ee4210,0x0000000745580000)
 Metaspace       used 16198K, capacity 16678K, committed 16768K, reserved 1064960K
  class space    used 2018K, capacity 2153K, committed 2176K, reserved 1048576K
Event: 109.616 GC heap after
Heap after GC invocations=6 (full 0):
 PSYoungGen      total 43520K, used 6912K [0x0000000795580000, 0x0000000798d00000, 0x00000007c0000000)
  eden space 32256K, 0% used [0x0000000795580000,0x0000000795580000,0x0000000797500000)
  from space 11264K, 61% used [0x0000000798200000,0x00000007988c0040,0x0000000798d00000)
  to   space 12288K, 0% used [0x0000000797500000,0x0000000797500000,0x0000000798100000)
 ParOldGen       total 87552K, used 15248K [0x0000000740000000, 0x0000000745580000, 0x0000000795580000)
  object space 87552K, 17% used [0x0000000740000000,0x0000000740ee4210,0x0000000745580000)
 Metaspace       used 16198K, capacity 16678K, committed 16768K, reserved 1064960K
  class space    used 2018K, capacity 2153K, committed 2176K, reserved 1048576K
}
Event: 134.361 GC heap before
{Heap before GC invocations=7 (full 0):
 PSYoungGen      total 43520K, used 39168K [0x0000000795580000, 0x0000000798d00000, 0x00000007c0000000)
  eden space 32256K, 100% used [0x0000000795580000,0x0000000797500000,0x0000000797500000)
  from space 11264K, 61% used [0x0000000798200000,0x00000007988c0040,0x0000000798d00000)
  to   space 12288K, 0% used [0x0000000797500000,0x0000000797500000,0x0000000798100000)
 ParOldGen       total 87552K, used 15248K [0x0000000740000000, 0x0000000745580000, 0x0000000795580000)
  object space 87552K, 17% used [0x0000000740000000,0x0000000740ee4210,0x0000000745580000)
 Metaspace       used 16223K, capacity 16678K, committed 16768K, reserved 1064960K
  class space    used 2018K, capacity 2153K, committed 2176K, reserved 1048576K
Event: 134.378 GC heap after
Heap after GC invocations=7 (full 0):
 PSYoungGen      total 44032K, used 3872K [0x0000000795580000, 0x0000000798d80000, 0x00000007c0000000)
  eden space 31744K, 0% used [0x0000000795580000,0x0000000795580000,0x0000000797480000)
  from space 12288K, 31% used [0x0000000797500000,0x00000007978c8000,0x0000000798100000)
  to   space 12800K, 0% used [0x0000000798100000,0x0000000798100000,0x0000000798d80000)
 ParOldGen       total 87552K, used 18668K [0x0000000740000000, 0x0000000745580000, 0x0000000795580000)
  object space 87552K, 21% used [0x0000000740000000,0x000000074123b118,0x0000000745580000)
 Metaspace       used 16223K, capacity 16678K, committed 16768K, reserved 1064960K
  class space    used 2018K, capacity 2153K, committed 2176K, reserved 1048576K
}
Event: 181.669 GC heap before
{Heap before GC invocations=8 (full 0):
 PSYoungGen      total 44032K, used 35616K [0x0000000795580000, 0x0000000798d80000, 0x00000007c0000000)
  eden space 31744K, 100% used [0x0000000795580000,0x0000000797480000,0x0000000797480000)
  from space 12288K, 31% used [0x0000000797500000,0x00000007978c8000,0x0000000798100000)
  to   space 12800K, 0% used [0x0000000798100000,0x0000000798100000,0x0000000798d80000)
 ParOldGen       total 87552K, used 18668K [0x0000000740000000, 0x0000000745580000, 0x0000000795580000)
  object space 87552K, 21% used [0x0000000740000000,0x000000074123b118,0x0000000745580000)
 Metaspace       used 16320K, capacity 16870K, committed 17024K, reserved 1064960K
  class space    used 2025K, capacity 2153K, committed 2176K, reserved 1048576K
Event: 181.681 GC heap after
Heap after GC invocations=8 (full 0):
 PSYoungGen      total 43520K, used 3776K [0x0000000795580000, 0x0000000798d00000, 0x00000007c0000000)
  eden space 31232K, 0% used [0x0000000795580000,0x0000000795580000,0x0000000797400000)
  from space 12288K, 30% used [0x0000000798100000,0x00000007984b0000,0x0000000798d00000)
  to   space 12800K, 0% used [0x0000000797400000,0x0000000797400000,0x0000000798080000)
 ParOldGen       total 87552K, used 18772K [0x0000000740000000, 0x0000000745580000, 0x0000000795580000)
  object space 87552K, 21% used [0x0000000740000000,0x0000000741255118,0x0000000745580000)
 Metaspace       used 16320K, capacity 16870K, committed 17024K, reserved 1064960K
  class space    used 2025K, capacity 2153K, committed 2176K, reserved 1048576K
}

